[2026-05-05T17:27:46.886Z] [INFO] [sync-manager] Neo Pulse Hub Sync Manager started
[2026-05-05T17:27:46.887Z] [INFO] [sync-manager] Mode: autonomous
[2026-05-05T17:27:46.887Z] [INFO] [sync-manager] Sync Interval: 5m
[2026-05-05T17:27:46.887Z] [INFO] [sync-manager] ================================================================================
[2026-05-05T17:27:46.887Z] [INFO] [sync-manager] STARTING COMPLETE SYNCHRONIZATION
[2026-05-05T17:27:46.887Z] [INFO] [sync-manager] ================================================================================
[2026-05-05T17:27:46.888Z] [INFO] [sync-manager] Starting GitHub synchronization...
[2026-05-05T17:27:48.053Z] [INFO] [sync-manager] GitHub synchronization completed successfully
[2026-05-05T17:27:48.053Z] [INFO] [sync-manager] Starting database synchronization...
[2026-05-05T17:27:48.053Z] [INFO] [sync-manager] Database synchronization completed
[2026-05-05T17:27:48.053Z] [INFO] [sync-manager] Starting content synchronization...
[2026-05-05T17:27:48.053Z] [INFO] [sync-manager] Content synchronization completed
[2026-05-05T17:27:48.054Z] [INFO] [sync-manager] Starting analytics synchronization...
[2026-05-05T17:27:48.054Z] [INFO] [sync-manager] Analytics synchronization completed
[2026-05-05T17:27:48.054Z] [INFO] [sync-manager] ================================================================================
[2026-05-05T17:27:48.054Z] [INFO] [sync-manager] SYNCHRONIZATION SUMMARY
[2026-05-05T17:27:48.054Z] [INFO] [sync-manager] ================================================================================
[2026-05-05T17:27:48.054Z] [INFO] [sync-manager] GitHub Sync: ✅ SUCCESS
[2026-05-05T17:27:48.054Z] [INFO] [sync-manager] Database Sync: ✅ SUCCESS
[2026-05-05T17:27:48.054Z] [INFO] [sync-manager] Content Sync: ✅ SUCCESS
[2026-05-05T17:27:48.054Z] [INFO] [sync-manager] Analytics Sync: ✅ SUCCESS
[2026-05-05T17:27:48.054Z] [INFO] [sync-manager] ================================================================================
[2026-05-05T17:27:48.054Z] [INFO] [sync-manager] Sync Manager is running and monitoring for changes...
[2026-05-05T17:32:48.154Z] [INFO] [sync-manager] ================================================================================
[2026-05-05T17:32:48.154Z] [INFO] [sync-manager] STARTING COMPLETE SYNCHRONIZATION
[2026-05-05T17:32:48.154Z] [INFO] [sync-manager] ================================================================================
[2026-05-05T17:32:48.154Z] [INFO] [sync-manager] Starting GitHub synchronization...
[2026-05-05T17:32:49.329Z] [INFO] [sync-manager] GitHub synchronization completed successfully
[2026-05-05T17:32:49.329Z] [INFO] [sync-manager] Starting database synchronization...
[2026-05-05T17:32:49.330Z] [INFO] [sync-manager] Database synchronization completed
[2026-05-05T17:32:49.330Z] [INFO] [sync-manager] Starting content synchronization...
[2026-05-05T17:32:49.330Z] [INFO] [sync-manager] Content synchronization completed
[2026-05-05T17:32:49.330Z] [INFO] [sync-manager] Starting analytics synchronization...
[2026-05-05T17:32:49.330Z] [INFO] [sync-manager] Analytics synchronization completed
[2026-05-05T17:32:49.330Z] [INFO] [sync-manager] ================================================================================
[2026-05-05T17:32:49.330Z] [INFO] [sync-manager] SYNCHRONIZATION SUMMARY
[2026-05-05T17:32:49.330Z] [INFO] [sync-manager] ================================================================================
[2026-05-05T17:32:49.330Z] [INFO] [sync-manager] GitHub Sync: ✅ SUCCESS
[2026-05-05T17:32:49.330Z] [INFO] [sync-manager] Database Sync: ✅ SUCCESS
[2026-05-05T17:32:49.330Z] [INFO] [sync-manager] Content Sync: ✅ SUCCESS
[2026-05-05T17:32:49.330Z] [INFO] [sync-manager] Analytics Sync: ✅ SUCCESS
[2026-05-05T17:32:49.330Z] [INFO] [sync-manager] ================================================================================
[2026-05-05T17:37:48.254Z] [INFO] [sync-manager] ================================================================================
[2026-05-05T17:37:48.255Z] [INFO] [sync-manager] STARTING COMPLETE SYNCHRONIZATION
[2026-05-05T17:37:48.255Z] [INFO] [sync-manager] ================================================================================
[2026-05-05T17:37:48.255Z] [INFO] [sync-manager] Starting GitHub synchronization...
[2026-05-05T17:37:49.563Z] [INFO] [sync-manager] GitHub synchronization completed successfully
[2026-05-05T17:37:49.563Z] [INFO] [sync-manager] Starting database synchronization...
[2026-05-05T17:37:49.563Z] [INFO] [sync-manager] Database synchronization completed
[2026-05-05T17:37:49.563Z] [INFO] [sync-manager] Starting content synchronization...
[2026-05-05T17:37:49.563Z] [INFO] [sync-manager] Content synchronization completed
[2026-05-05T17:37:49.563Z] [INFO] [sync-manager] Starting analytics synchronization...
[2026-05-05T17:37:49.563Z] [INFO] [sync-manager] Analytics synchronization completed
[2026-05-05T17:37:49.563Z] [INFO] [sync-manager] ================================================================================
[2026-05-05T17:37:49.563Z] [INFO] [sync-manager] SYNCHRONIZATION SUMMARY
[2026-05-05T17:37:49.563Z] [INFO] [sync-manager] ================================================================================
[2026-05-05T17:37:49.563Z] [INFO] [sync-manager] GitHub Sync: ✅ SUCCESS
[2026-05-05T17:37:49.563Z] [INFO] [sync-manager] Database Sync: ✅ SUCCESS
[2026-05-05T17:37:49.563Z] [INFO] [sync-manager] Content Sync: ✅ SUCCESS
[2026-05-05T17:37:49.563Z] [INFO] [sync-manager] Analytics Sync: ✅ SUCCESS
[2026-05-05T17:37:49.563Z] [INFO] [sync-manager] ================================================================================
[2026-05-05T17:42:48.287Z] [INFO] [sync-manager] ================================================================================
[2026-05-05T17:42:48.288Z] [INFO] [sync-manager] STARTING COMPLETE SYNCHRONIZATION
[2026-05-05T17:42:48.288Z] [INFO] [sync-manager] ================================================================================
[2026-05-05T17:42:48.288Z] [INFO] [sync-manager] Starting GitHub synchronization...
[2026-05-05T17:42:49.878Z] [INFO] [sync-manager] GitHub synchronization completed successfully
[2026-05-05T17:42:49.878Z] [INFO] [sync-manager] Starting database synchronization...
[2026-05-05T17:42:49.878Z] [INFO] [sync-manager] Database synchronization completed
[2026-05-05T17:42:49.878Z] [INFO] [sync-manager] Starting content synchronization...
[2026-05-05T17:42:49.878Z] [INFO] [sync-manager] Content synchronization completed
[2026-05-05T17:42:49.878Z] [INFO] [sync-manager] Starting analytics synchronization...
[2026-05-05T17:42:49.878Z] [INFO] [sync-manager] Analytics synchronization completed
[2026-05-05T17:42:49.878Z] [INFO] [sync-manager] ================================================================================
[2026-05-05T17:42:49.878Z] [INFO] [sync-manager] SYNCHRONIZATION SUMMARY
[2026-05-05T17:42:49.878Z] [INFO] [sync-manager] ================================================================================
[2026-05-05T17:42:49.878Z] [INFO] [sync-manager] GitHub Sync: ✅ SUCCESS
[2026-05-05T17:42:49.878Z] [INFO] [sync-manager] Database Sync: ✅ SUCCESS
[2026-05-05T17:42:49.878Z] [INFO] [sync-manager] Content Sync: ✅ SUCCESS
[2026-05-05T17:42:49.878Z] [INFO] [sync-manager] Analytics Sync: ✅ SUCCESS
[2026-05-05T17:42:49.878Z] [INFO] [sync-manager] ================================================================================
[2026-05-05T17:47:48.296Z] [INFO] [sync-manager] ================================================================================
[2026-05-05T17:47:48.296Z] [INFO] [sync-manager] STARTING COMPLETE SYNCHRONIZATION
[2026-05-05T17:47:48.296Z] [INFO] [sync-manager] ================================================================================
[2026-05-05T17:47:48.296Z] [INFO] [sync-manager] Starting GitHub synchronization...
[2026-05-05T17:47:49.505Z] [INFO] [sync-manager] GitHub synchronization completed successfully
[2026-05-05T17:47:49.506Z] [INFO] [sync-manager] Starting database synchronization...
[2026-05-05T17:47:49.506Z] [INFO] [sync-manager] Database synchronization completed
[2026-05-05T17:47:49.506Z] [INFO] [sync-manager] Starting content synchronization...
[2026-05-05T17:47:49.506Z] [INFO] [sync-manager] Content synchronization completed
[2026-05-05T17:47:49.506Z] [INFO] [sync-manager] Starting analytics synchronization...
[2026-05-05T17:47:49.506Z] [INFO] [sync-manager] Analytics synchronization completed
[2026-05-05T17:47:49.506Z] [INFO] [sync-manager] ================================================================================
[2026-05-05T17:47:49.506Z] [INFO] [sync-manager] SYNCHRONIZATION SUMMARY
[2026-05-05T17:47:49.506Z] [INFO] [sync-manager] ================================================================================
[2026-05-05T17:47:49.506Z] [INFO] [sync-manager] GitHub Sync: ✅ SUCCESS
[2026-05-05T17:47:49.506Z] [INFO] [sync-manager] Database Sync: ✅ SUCCESS
[2026-05-05T17:47:49.506Z] [INFO] [sync-manager] Content Sync: ✅ SUCCESS
[2026-05-05T17:47:49.506Z] [INFO] [sync-manager] Analytics Sync: ✅ SUCCESS
[2026-05-05T17:47:49.506Z] [INFO] [sync-manager] ================================================================================
[2026-05-05T17:52:48.304Z] [INFO] [sync-manager] ================================================================================
[2026-05-05T17:52:48.304Z] [INFO] [sync-manager] STARTING COMPLETE SYNCHRONIZATION
[2026-05-05T17:52:48.304Z] [INFO] [sync-manager] ================================================================================
[2026-05-05T17:52:48.304Z] [INFO] [sync-manager] Starting GitHub synchronization...
[2026-05-05T17:52:49.522Z] [INFO] [sync-manager] GitHub synchronization completed successfully
[2026-05-05T17:52:49.522Z] [INFO] [sync-manager] Starting database synchronization...
[2026-05-05T17:52:49.522Z] [INFO] [sync-manager] Database synchronization completed
[2026-05-05T17:52:49.522Z] [INFO] [sync-manager] Starting content synchronization...
[2026-05-05T17:52:49.522Z] [INFO] [sync-manager] Content synchronization completed
[2026-05-05T17:52:49.522Z] [INFO] [sync-manager] Starting analytics synchronization...
[2026-05-05T17:52:49.522Z] [INFO] [sync-manager] Analytics synchronization completed
[2026-05-05T17:52:49.522Z] [INFO] [sync-manager] ================================================================================
[2026-05-05T17:52:49.522Z] [INFO] [sync-manager] SYNCHRONIZATION SUMMARY
[2026-05-05T17:52:49.522Z] [INFO] [sync-manager] ================================================================================
[2026-05-05T17:52:49.522Z] [INFO] [sync-manager] GitHub Sync: ✅ SUCCESS
[2026-05-05T17:52:49.522Z] [INFO] [sync-manager] Database Sync: ✅ SUCCESS
[2026-05-05T17:52:49.522Z] [INFO] [sync-manager] Content Sync: ✅ SUCCESS
[2026-05-05T17:52:49.522Z] [INFO] [sync-manager] Analytics Sync: ✅ SUCCESS
[2026-05-05T17:52:49.522Z] [INFO] [sync-manager] ================================================================================
[2026-05-05T17:57:48.312Z] [INFO] [sync-manager] ================================================================================
[2026-05-05T17:57:48.312Z] [INFO] [sync-manager] STARTING COMPLETE SYNCHRONIZATION
[2026-05-05T17:57:48.312Z] [INFO] [sync-manager] ================================================================================
[2026-05-05T17:57:48.312Z] [INFO] [sync-manager] Starting GitHub synchronization...
[2026-05-05T17:57:49.518Z] [INFO] [sync-manager] GitHub synchronization completed successfully
[2026-05-05T17:57:49.518Z] [INFO] [sync-manager] Starting database synchronization...
[2026-05-05T17:57:49.518Z] [INFO] [sync-manager] Database synchronization completed
[2026-05-05T17:57:49.518Z] [INFO] [sync-manager] Starting content synchronization...
[2026-05-05T17:57:49.518Z] [INFO] [sync-manager] Content synchronization completed
[2026-05-05T17:57:49.518Z] [INFO] [sync-manager] Starting analytics synchronization...
[2026-05-05T17:57:49.518Z] [INFO] [sync-manager] Analytics synchronization completed
[2026-05-05T17:57:49.518Z] [INFO] [sync-manager] ================================================================================
[2026-05-05T17:57:49.519Z] [INFO] [sync-manager] SYNCHRONIZATION SUMMARY
[2026-05-05T17:57:49.519Z] [INFO] [sync-manager] ================================================================================
[2026-05-05T17:57:49.519Z] [INFO] [sync-manager] GitHub Sync: ✅ SUCCESS
[2026-05-05T17:57:49.519Z] [INFO] [sync-manager] Database Sync: ✅ SUCCESS
[2026-05-05T17:57:49.519Z] [INFO] [sync-manager] Content Sync: ✅ SUCCESS
[2026-05-05T17:57:49.519Z] [INFO] [sync-manager] Analytics Sync: ✅ SUCCESS
[2026-05-05T17:57:49.519Z] [INFO] [sync-manager] ================================================================================
[2026-05-05T18:02:48.319Z] [INFO] [sync-manager] ================================================================================
[2026-05-05T18:02:48.320Z] [INFO] [sync-manager] STARTING COMPLETE SYNCHRONIZATION
[2026-05-05T18:02:48.320Z] [INFO] [sync-manager] ================================================================================
[2026-05-05T18:02:48.320Z] [INFO] [sync-manager] Starting GitHub synchronization...
[2026-05-05T18:02:49.569Z] [INFO] [sync-manager] GitHub synchronization completed successfully
[2026-05-05T18:02:49.569Z] [INFO] [sync-manager] Starting database synchronization...
[2026-05-05T18:02:49.569Z] [INFO] [sync-manager] Database synchronization completed
[2026-05-05T18:02:49.569Z] [INFO] [sync-manager] Starting content synchronization...
[2026-05-05T18:02:49.569Z] [INFO] [sync-manager] Content synchronization completed
[2026-05-05T18:02:49.569Z] [INFO] [sync-manager] Starting analytics synchronization...
[2026-05-05T18:02:49.569Z] [INFO] [sync-manager] Analytics synchronization completed
[2026-05-05T18:02:49.569Z] [INFO] [sync-manager] ================================================================================
[2026-05-05T18:02:49.569Z] [INFO] [sync-manager] SYNCHRONIZATION SUMMARY
[2026-05-05T18:02:49.570Z] [INFO] [sync-manager] ================================================================================
[2026-05-05T18:02:49.570Z] [INFO] [sync-manager] GitHub Sync: ✅ SUCCESS
[2026-05-05T18:02:49.570Z] [INFO] [sync-manager] Database Sync: ✅ SUCCESS
[2026-05-05T18:02:49.570Z] [INFO] [sync-manager] Content Sync: ✅ SUCCESS
[2026-05-05T18:02:49.570Z] [INFO] [sync-manager] Analytics Sync: ✅ SUCCESS
[2026-05-05T18:02:49.570Z] [INFO] [sync-manager] ================================================================================
[2026-05-05T18:07:48.328Z] [INFO] [sync-manager] ================================================================================
[2026-05-05T18:07:48.328Z] [INFO] [sync-manager] STARTING COMPLETE SYNCHRONIZATION
[2026-05-05T18:07:48.329Z] [INFO] [sync-manager] ================================================================================
[2026-05-05T18:07:48.329Z] [INFO] [sync-manager] Starting GitHub synchronization...
[2026-05-05T18:07:49.646Z] [INFO] [sync-manager] GitHub synchronization completed successfully
[2026-05-05T18:07:49.646Z] [INFO] [sync-manager] Starting database synchronization...
[2026-05-05T18:07:49.646Z] [INFO] [sync-manager] Database synchronization completed
[2026-05-05T18:07:49.646Z] [INFO] [sync-manager] Starting content synchronization...
[2026-05-05T18:07:49.646Z] [INFO] [sync-manager] Content synchronization completed
[2026-05-05T18:07:49.646Z] [INFO] [sync-manager] Starting analytics synchronization...
[2026-05-05T18:07:49.646Z] [INFO] [sync-manager] Analytics synchronization completed
[2026-05-05T18:07:49.646Z] [INFO] [sync-manager] ================================================================================
[2026-05-05T18:07:49.646Z] [INFO] [sync-manager] SYNCHRONIZATION SUMMARY
[2026-05-05T18:07:49.646Z] [INFO] [sync-manager] ================================================================================
[2026-05-05T18:07:49.646Z] [INFO] [sync-manager] GitHub Sync: ✅ SUCCESS
[2026-05-05T18:07:49.646Z] [INFO] [sync-manager] Database Sync: ✅ SUCCESS
[2026-05-05T18:07:49.646Z] [INFO] [sync-manager] Content Sync: ✅ SUCCESS
[2026-05-05T18:07:49.646Z] [INFO] [sync-manager] Analytics Sync: ✅ SUCCESS
[2026-05-05T18:07:49.646Z] [INFO] [sync-manager] ================================================================================
[2026-05-05T18:12:48.332Z] [INFO] [sync-manager] ================================================================================
[2026-05-05T18:12:48.332Z] [INFO] [sync-manager] STARTING COMPLETE SYNCHRONIZATION
[2026-05-05T18:12:48.332Z] [INFO] [sync-manager] ================================================================================
[2026-05-05T18:12:48.332Z] [INFO] [sync-manager] Starting GitHub synchronization...
