[2026-05-05T17:27:46.842Z] [INFO] [orchestrator] ================================================================================
[2026-05-05T17:27:46.843Z] [INFO] [orchestrator] NEO PULSE HUB - MASTER ORCHESTRATOR
[2026-05-05T17:27:46.843Z] [INFO] [orchestrator] ================================================================================
[2026-05-05T17:27:46.843Z] [INFO] [orchestrator] Starting all AI automation services...
[2026-05-05T17:27:46.843Z] [INFO] [orchestrator] ================================================================================
[2026-05-05T17:27:46.844Z] [INFO] [orchestrator] Starting OpenClaw-Agent...
[2026-05-05T17:27:46.848Z] [INFO] [orchestrator] OpenClaw-Agent started successfully (PID: 43599)
[2026-05-05T17:27:46.848Z] [INFO] [orchestrator] Starting Sync-Manager...
[2026-05-05T17:27:46.849Z] [INFO] [orchestrator] Sync-Manager started successfully (PID: 43600)
[2026-05-05T17:27:46.849Z] [INFO] [orchestrator] Starting Dashboard-Server...
[2026-05-05T17:27:46.851Z] [INFO] [orchestrator] Dashboard-Server started successfully (PID: 43601)
[2026-05-05T17:27:46.851Z] [INFO] [orchestrator] ================================================================================
[2026-05-05T17:27:46.851Z] [INFO] [orchestrator] All services started successfully!
[2026-05-05T17:27:46.851Z] [INFO] [orchestrator] ================================================================================
[2026-05-05T17:27:46.851Z] [INFO] [orchestrator] System Status:
[2026-05-05T17:27:46.851Z] [INFO] [orchestrator]   ✅ OpenClaw Agent - Autonomous task execution
[2026-05-05T17:27:46.851Z] [INFO] [orchestrator]   ✅ Sync Manager - Repository and data synchronization
[2026-05-05T17:27:46.851Z] [INFO] [orchestrator]   ✅ Dashboard - Real-time monitoring and control
[2026-05-05T17:27:46.851Z] [INFO] [orchestrator] ================================================================================
[2026-05-05T17:27:46.884Z] [ERROR] [orchestrator] [Dashboard-Server] node:internal/modules/cjs/loader:1479
  throw err;
  ^

Error: Cannot find module '/home/ubuntu/neo-pulse-hub/npm'
    at Module._resolveFilename (node:internal/modules/cjs/loader:1476:15)
    at wrapResolveFilename (node:internal/modules/cjs/loader:1049:27)
    at defaultResolveImplForCJSLoading (node:internal/modules/cjs/loader:1073:10)
    at resolveForCJSWithHooks (node:internal/modules/cjs/loader:1094:12)
    at Module._load (node:internal/modules/cjs/loader:1262:25)
    at wrapModuleLoad (node:internal/modules/cjs/loader:255:19)
    at Module.executeUserEntryPoint [as runMain] (node:internal/modules/run_main:154:5)
    at node:internal/main/run_main_module:33:47 {
  code: 'MODULE_NOT_FOUND',
  requireStack: []
}

Node.js v24.15.0
[2026-05-05T17:27:46.887Z] [DEBUG] [orchestrator] [Sync-Manager] [2026-05-05T17:27:46.886Z] [INFO] [sync-manager] Neo Pulse Hub Sync Manager started
[2026-05-05T17:27:46.887Z] [INFO] [sync-manager] Mode: autonomous
[2026-05-05T17:27:46.887Z] [INFO] [sync-manager] Sync Interval: 5m
[2026-05-05T17:27:46.887Z] [INFO] [sync-manager] ================================================================================
[2026-05-05T17:27:46.888Z] [WARN] [orchestrator] Dashboard-Server exited with code 1
[2026-05-05T17:27:46.888Z] [DEBUG] [orchestrator] [Sync-Manager] [2026-05-05T17:27:46.887Z] [INFO] [sync-manager] STARTING COMPLETE SYNCHRONIZATION
[2026-05-05T17:27:46.887Z] [INFO] [sync-manager] ================================================================================
[2026-05-05T17:27:46.888Z] [INFO] [sync-manager] Starting GitHub synchronization...
[2026-05-05T17:27:48.053Z] [DEBUG] [orchestrator] [Sync-Manager] [2026-05-05T17:27:48.053Z] [INFO] [sync-manager] GitHub synchronization completed successfully
[2026-05-05T17:27:48.053Z] [DEBUG] [orchestrator] [Sync-Manager] [2026-05-05T17:27:48.053Z] [INFO] [sync-manager] Starting database synchronization...
[2026-05-05T17:27:48.053Z] [INFO] [sync-manager] Database synchronization completed
[2026-05-05T17:27:48.053Z] [DEBUG] [orchestrator] [Sync-Manager] [2026-05-05T17:27:48.053Z] [INFO] [sync-manager] Starting content synchronization...
[2026-05-05T17:27:48.054Z] [DEBUG] [orchestrator] [Sync-Manager] [2026-05-05T17:27:48.053Z] [INFO] [sync-manager] Content synchronization completed
[2026-05-05T17:27:48.054Z] [DEBUG] [orchestrator] [Sync-Manager] [2026-05-05T17:27:48.054Z] [INFO] [sync-manager] Starting analytics synchronization...
[2026-05-05T17:27:48.054Z] [DEBUG] [orchestrator] [Sync-Manager] [2026-05-05T17:27:48.054Z] [INFO] [sync-manager] Analytics synchronization completed
[2026-05-05T17:27:48.054Z] [INFO] [sync-manager] ================================================================================
[2026-05-05T17:27:48.054Z] [INFO] [sync-manager] SYNCHRONIZATION SUMMARY
[2026-05-05T17:27:48.054Z] [DEBUG] [orchestrator] [Sync-Manager] [2026-05-05T17:27:48.054Z] [INFO] [sync-manager] ================================================================================
[2026-05-05T17:27:48.054Z] [INFO] [sync-manager] GitHub Sync: ✅ SUCCESS
[2026-05-05T17:27:48.054Z] [INFO] [sync-manager] Database Sync: ✅ SUCCESS
[2026-05-05T17:27:48.054Z] [DEBUG] [orchestrator] [Sync-Manager] [2026-05-05T17:27:48.054Z] [INFO] [sync-manager] Content Sync: ✅ SUCCESS
[2026-05-05T17:27:48.054Z] [INFO] [sync-manager] Analytics Sync: ✅ SUCCESS
[2026-05-05T17:27:48.054Z] [INFO] [sync-manager] ================================================================================
[2026-05-05T17:27:48.054Z] [DEBUG] [orchestrator] [Sync-Manager] [2026-05-05T17:27:48.054Z] [INFO] [sync-manager] Sync Manager is running and monitoring for changes...
[2026-05-05T17:27:49.641Z] [DEBUG] [orchestrator] [OpenClaw-Agent] [2026-05-05T17:27:49.640Z] [INFO] [agent-manager] Starting Neo Pulse Hub AI Agent...
[2026-05-05T17:27:49.642Z] [DEBUG] [orchestrator] [OpenClaw-Agent] [2026-05-05T17:27:49.642Z] [INFO] [agent-manager] Agent: Neo Pulse Hub AI Agent v1.0.0
[2026-05-05T17:27:49.642Z] [DEBUG] [orchestrator] [OpenClaw-Agent] [2026-05-05T17:27:49.642Z] [INFO] [agent-manager] Mode: autonomous
[2026-05-05T17:27:49.642Z] [INFO] [agent-manager] Environment: codespaces
[2026-05-05T17:27:49.642Z] [DEBUG] [orchestrator] [OpenClaw-Agent] [2026-05-05T17:27:49.642Z] [INFO] [scheduler] Starting task scheduler...
[2026-05-05T17:27:50.756Z] [DEBUG] [orchestrator] [OpenClaw-Agent] [2026-05-05T17:27:50.756Z] [INFO] [scheduler] Task scheduled: fetch-products (0 6 * * *)
[2026-05-05T17:27:50.760Z] [DEBUG] [orchestrator] [OpenClaw-Agent] [2026-05-05T17:27:50.760Z] [INFO] [scheduler] Task scheduled: generate-content (0 7 * * *)
[2026-05-05T17:27:50.763Z] [DEBUG] [orchestrator] [OpenClaw-Agent] [2026-05-05T17:27:50.762Z] [INFO] [scheduler] Task scheduled: publish-social (0 8 * * *)
[2026-05-05T17:27:50.765Z] [DEBUG] [orchestrator] [OpenClaw-Agent] [2026-05-05T17:27:50.765Z] [INFO] [scheduler] Task scheduled: generate-reports (0 9 * * *)
[2026-05-05T17:27:50.768Z] [DEBUG] [orchestrator] [OpenClaw-Agent] [2026-05-05T17:27:50.768Z] [INFO] [scheduler] Task scheduled: health-check (*/30 * * * *)
[2026-05-05T17:27:50.770Z] [DEBUG] [orchestrator] [OpenClaw-Agent] [2026-05-05T17:27:50.770Z] [INFO] [scheduler] Task scheduled: sync-github (0 18 * * *)
[2026-05-05T17:27:50.770Z] [DEBUG] [orchestrator] [OpenClaw-Agent] [2026-05-05T17:27:50.770Z] [INFO] [scheduler] Scheduled 6 tasks
[2026-05-05T17:27:50.770Z] [INFO] [agent-manager] Agent started successfully
[2026-05-05T17:27:51.889Z] [INFO] [orchestrator] Starting Dashboard-Server...
[2026-05-05T17:27:51.891Z] [INFO] [orchestrator] Dashboard-Server started successfully (PID: 43719)
[2026-05-05T17:27:51.921Z] [ERROR] [orchestrator] [Dashboard-Server] node:internal/modules/cjs/loader:1479
  throw err;
  ^

Error: Cannot find module '/home/ubuntu/neo-pulse-hub/npm'
    at Module._resolveFilename (node:internal/modules/cjs/loader:1476:15)
    at wrapResolveFilename (node:internal/modules/cjs/loader:1049:27)
    at defaultResolveImplForCJSLoading (node:internal/modules/cjs/loader:1073:10)
    at resolveForCJSWithHooks (node:internal/modules/cjs/loader:1094:12)
    at Module._load (node:internal/modules/cjs/loader:1262:25)
    at wrapModuleLoad (node:internal/modules/cjs/loader:255:19)
    at Module.executeUserEntryPoint [as runMain] (node:internal/modules/run_main:154:5)
    at node:internal/main/run_main_module:33:47 {
  code: 'MODULE_NOT_FOUND',
  requireStack: []
}

Node.js v24.15.0
[2026-05-05T17:27:51.924Z] [WARN] [orchestrator] Dashboard-Server exited with code 1
[2026-05-05T17:27:56.926Z] [INFO] [orchestrator] Starting Dashboard-Server...
[2026-05-05T17:27:56.928Z] [INFO] [orchestrator] Dashboard-Server started successfully (PID: 43733)
[2026-05-05T17:27:56.957Z] [ERROR] [orchestrator] [Dashboard-Server] node:internal/modules/cjs/loader:1479
  throw err;
  ^

Error: Cannot find module '/home/ubuntu/neo-pulse-hub/npm'
    at Module._resolveFilename (node:internal/modules/cjs/loader:1476:15)
    at wrapResolveFilename (node:internal/modules/cjs/loader:1049:27)
    at defaultResolveImplForCJSLoading (node:internal/modules/cjs/loader:1073:10)
    at resolveForCJSWithHooks (node:internal/modules/cjs/loader:1094:12)
    at Module._load (node:internal/modules/cjs/loader:1262:25)
    at wrapModuleLoad (node:internal/modules/cjs/loader:255:19)
    at Module.executeUserEntryPoint [as runMain] (node:internal/modules/run_main:154:5)
    at node:internal/main/run_main_module:33:47 {
  code: 'MODULE_NOT_FOUND',
  requireStack: []
}

Node.js v24.15.0
[2026-05-05T17:27:56.960Z] [WARN] [orchestrator] Dashboard-Server exited with code 1
[2026-05-05T17:28:01.965Z] [INFO] [orchestrator] Starting Dashboard-Server...
[2026-05-05T17:28:01.967Z] [INFO] [orchestrator] Dashboard-Server started successfully (PID: 43740)
[2026-05-05T17:28:01.999Z] [ERROR] [orchestrator] [Dashboard-Server] node:internal/modules/cjs/loader:1479
  throw err;
  ^

Error: Cannot find module '/home/ubuntu/neo-pulse-hub/npm'
    at Module._resolveFilename (node:internal/modules/cjs/loader:1476:15)
    at wrapResolveFilename (node:internal/modules/cjs/loader:1049:27)
    at defaultResolveImplForCJSLoading (node:internal/modules/cjs/loader:1073:10)
    at resolveForCJSWithHooks (node:internal/modules/cjs/loader:1094:12)
    at Module._load (node:internal/modules/cjs/loader:1262:25)
    at wrapModuleLoad (node:internal/modules/cjs/loader:255:19)
    at Module.executeUserEntryPoint [as runMain] (node:internal/modules/run_main:154:5)
    at node:internal/main/run_main_module:33:47 {
  code: 'MODULE_NOT_FOUND',
  requireStack: []
}

Node.js v24.15.0
[2026-05-05T17:28:02.001Z] [WARN] [orchestrator] Dashboard-Server exited with code 1
[2026-05-05T17:28:07.006Z] [INFO] [orchestrator] Starting Dashboard-Server...
[2026-05-05T17:28:07.008Z] [INFO] [orchestrator] Dashboard-Server started successfully (PID: 43758)
[2026-05-05T17:28:07.041Z] [ERROR] [orchestrator] [Dashboard-Server] node:internal/modules/cjs/loader:1479
  throw err;
  ^

Error: Cannot find module '/home/ubuntu/neo-pulse-hub/npm'
    at Module._resolveFilename (node:internal/modules/cjs/loader:1476:15)
    at wrapResolveFilename (node:internal/modules/cjs/loader:1049:27)
    at defaultResolveImplForCJSLoading (node:internal/modules/cjs/loader:1073:10)
    at resolveForCJSWithHooks (node:internal/modules/cjs/loader:1094:12)
    at Module._load (node:internal/modules/cjs/loader:1262:25)
    at wrapModuleLoad (node:internal/modules/cjs/loader:255:19)
    at Module.executeUserEntryPoint [as runMain] (node:internal/modules/run_main:154:5)
    at node:internal/main/run_main_module:33:47 {
  code: 'MODULE_NOT_FOUND',
  requireStack: []
}

Node.js v24.15.0
[2026-05-05T17:28:07.044Z] [WARN] [orchestrator] Dashboard-Server exited with code 1
[2026-05-05T17:28:12.044Z] [INFO] [orchestrator] Starting Dashboard-Server...
[2026-05-05T17:28:12.046Z] [INFO] [orchestrator] Dashboard-Server started successfully (PID: 43828)
[2026-05-05T17:28:12.081Z] [ERROR] [orchestrator] [Dashboard-Server] node:internal/modules/cjs/loader:1479
  throw err;
  ^

Error: Cannot find module '/home/ubuntu/neo-pulse-hub/npm'
    at Module._resolveFilename (node:internal/modules/cjs/loader:1476:15)
    at wrapResolveFilename (node:internal/modules/cjs/loader:1049:27)
    at defaultResolveImplForCJSLoading (node:internal/modules/cjs/loader:1073:10)
    at resolveForCJSWithHooks (node:internal/modules/cjs/loader:1094:12)
    at Module._load (node:internal/modules/cjs/loader:1262:25)
    at wrapModuleLoad (node:internal/modules/cjs/loader:255:19)
    at Module.executeUserEntryPoint [as runMain] (node:internal/modules/run_main:154:5)
    at node:internal/main/run_main_module:33:47 {
  code: 'MODULE_NOT_FOUND',
  requireStack: []
}

Node.js v24.15.0
[2026-05-05T17:28:12.084Z] [WARN] [orchestrator] Dashboard-Server exited with code 1
[2026-05-05T17:28:17.089Z] [INFO] [orchestrator] Starting Dashboard-Server...
[2026-05-05T17:28:17.091Z] [INFO] [orchestrator] Dashboard-Server started successfully (PID: 43863)
[2026-05-05T17:28:17.135Z] [ERROR] [orchestrator] [Dashboard-Server] node:internal/modules/cjs/loader:1479
  throw err;
  ^

Error: Cannot find module '/home/ubuntu/neo-pulse-hub/npm'
    at Module._resolveFilename (node:internal/modules/cjs/loader:1476:15)
    at wrapResolveFilename (node:internal/modules/cjs/loader:1049:27)
    at defaultResolveImplForCJSLoading (node:internal/modules/cjs/loader:1073:10)
    at resolveForCJSWithHooks (node:internal/modules/cjs/loader:1094:12)
    at Module._load (node:internal/modules/cjs/loader:1262:25)
    at wrapModuleLoad (node:internal/modules/cjs/loader:255:19)
    at Module.executeUserEntryPoint [as runMain] (node:internal/modules/run_main:154:5)
    at node:internal/main/run_main_module:33:47 {
  code: 'MODULE_NOT_FOUND',
  requireStack: []
}

Node.js v24.15.0
[2026-05-05T17:28:17.138Z] [WARN] [orchestrator] Dashboard-Server exited with code 1
dules/cjs/loader:1479
  throw err;
  ^

Error: Cannot find module '/home/ubuntu/neo-pulse-hub/npm'
    at Module._resolveFilename (node:internal/modules/cjs/loader:1476:15)
    at wrapResolveFilename (node:internal/modules/cjs/loader:1049:27)
    at defaultResolveImplForCJSLoading (node:internal/modules/cjs/loader:1073:10)
    at resolveForCJSWithHooks (node:internal/modules/cjs/loader:1094:12)
    at Module._load (node:internal/modules/cjs/loader:1262:25)
    at wrapModuleLoad (node:internal/modules/cjs/loader:255:19)
    at Module.executeUserEntryPoint [as runMain] (node:internal/modules/run_main:154:5)
    at node:internal/main/run_main_module:33:47 {
  code: 'MODULE_NOT_FOUND',
  requireStack: []
}

Node.js v24.15.0
[2026-05-05T17:28:17.138Z] [WARN] [orchestrator] Dashboard-Server exited with code 1
